Sun Jan 21 2018 12:15:36 GMT+0100 (W. Europe Standard Time): GET /
Sun Jan 21 2018 12:15:40 GMT+0100 (W. Europe Standard Time): GET /about
Sun Jan 21 2018 12:15:41 GMT+0100 (W. Europe Standard Time): GET /
Sun Jan 21 2018 14:11:25 GMT+0100 (W. Europe Standard Time): GET /
Sun Jan 21 2018 14:14:38 GMT+0100 (W. Europe Standard Time): GET /help.html
Sun Jan 21 2018 14:14:47 GMT+0100 (W. Europe Standard Time): GET /help.html
Sun Jan 21 2018 14:14:51 GMT+0100 (W. Europe Standard Time): GET /help.html
Tue Jan 23 2018 14:36:20 GMT+0100 (W. Europe Standard Time): GET /
Tue Jan 23 2018 14:36:20 GMT+0100 (W. Europe Standard Time): GET /favicon.ico
Tue Jan 23 2018 14:36:31 GMT+0100 (W. Europe Standard Time): GET /about
Tue Jan 23 2018 14:36:32 GMT+0100 (W. Europe Standard Time): GET /
Tue Jan 23 2018 14:37:02 GMT+0100 (W. Europe Standard Time): GET /
Tue Jan 23 2018 14:37:05 GMT+0100 (W. Europe Standard Time): GET /
Tue Jan 23 2018 14:37:06 GMT+0100 (W. Europe Standard Time): GET /
Tue Jan 23 2018 14:37:06 GMT+0100 (W. Europe Standard Time): GET /
Tue Jan 23 2018 14:37:06 GMT+0100 (W. Europe Standard Time): GET /
Tue Jan 23 2018 14:37:07 GMT+0100 (W. Europe Standard Time): GET /
Tue Jan 23 2018 14:37:41 GMT+0100 (W. Europe Standard Time): GET /
Tue Jan 23 2018 18:39:19 GMT+0100 (W. Europe Standard Time): GET /
Tue Jan 23 2018 18:39:21 GMT+0100 (W. Europe Standard Time): GET /about
Tue Jan 23 2018 18:39:23 GMT+0100 (W. Europe Standard Time): GET /
Tue Jan 23 2018 18:39:24 GMT+0100 (W. Europe Standard Time): GET /about
Tue Jan 23 2018 18:39:25 GMT+0100 (W. Europe Standard Time): GET /
